-------------------------------------------------------------------------------
Test set: Controller.AluguelDAOTest
-------------------------------------------------------------------------------
Tests run: 16, Failures: 1, Errors: 0, Skipped: 0, Time elapsed: 61.777 s <<< FAILURE! - in Controller.AluguelDAOTest
DevolucaoNaoRealizadaTest  Time elapsed: 0.283 s  <<< FAILURE!
org.opentest4j.AssertionFailedError: Erro ao executar o teste, gerou uma falha de conexão!org.postgresql.util.PSQLException: A nome da coluna devolucao não foi encontrado neste ResultSet.
	at Controller.AluguelDAOTest.DevolucaoNaoRealizadaTest(AluguelDAOTest.java:509)

