<?xml version="1.0" encoding="UTF-8"?>
<testsuite xmlns:xsi="http://www.w3.org/2001/XMLSchema-instance" xsi:noNamespaceSchemaLocation="https://maven.apache.org/surefire/maven-surefire-plugin/xsd/surefire-test-report.xsd" name="Controller.AluguelDAOTest" time="61.777" tests="16" errors="0" skipped="0" failures="1">
  <properties>
[...]
</properties>
  <testcase name="DevolucaoRetornaParaLista" classname="Controller.AluguelDAOTest" time="0.784"/>
  <testcase name="DevolucaoRealizadaTest" classname="Controller.AluguelDAOTest" time="0.376"/>
  <testcase name="registroDuplo2Test" classname="Controller.AluguelDAOTest" time="0.177"/>
  <testcase name="pesquisaTabelaAluguelTest" classname="Controller.AluguelDAOTest" time="0.18"/>
  <testcase name="alterandoDataDevTest" classname="Controller.AluguelDAOTest" time="0.187"/>
  <testcase name="DevolucaoNaoRealizadaTest" classname="Controller.AluguelDAOTest" time="0.283">
    <failure message="Erro ao executar o teste, gerou uma falha de conexão!org.postgresql.util.PSQLException: A nome da coluna devolucao não foi encontrado neste ResultSet." type="org.opentest4j.AssertionFailedError">org.opentest4j.AssertionFailedError: Erro ao executar o teste, gerou uma falha de conexão!org.postgresql.util.PSQLException: A nome da coluna devolucao não foi encontrado neste ResultSet.
	at Controller.AluguelDAOTest.DevolucaoNaoRealizadaTest(AluguelDAOTest.java:509)
</failure>
    <system-out><![CDATA[org.postgresql.jdbc.PgResultSet@2b91004a
SELECT * FROM livro ORDER BY id_livro
]]></system-out>
  </testcase>
  <testcase name="invalidoDataDevTest" classname="Controller.AluguelDAOTest" time="57.431"/>
  <testcase name="pesquisaTabelaClienteTest" classname="Controller.AluguelDAOTest" time="0.299"/>
  <testcase name="idInexistenteTest" classname="Controller.AluguelDAOTest" time="0.272"/>
  <testcase name="alterandoDataAluguelTest" classname="Controller.AluguelDAOTest" time="0.384"/>
  <testcase name="registroDuploTest" classname="Controller.AluguelDAOTest" time="0.155"/>
  <testcase name="pesquisaTabelaLivroTest" classname="Controller.AluguelDAOTest" time="0.318"/>
  <testcase name="registroSimples2Test" classname="Controller.AluguelDAOTest" time="0.389"/>
  <testcase name="registroSimples3Test" classname="Controller.AluguelDAOTest" time="0.21"/>
  <testcase name="registroSimples4Test" classname="Controller.AluguelDAOTest" time="0.156"/>
  <testcase name="registroSimplesTest" classname="Controller.AluguelDAOTest" time="0.156"/>
</testsuite>