<?xml version="1.0" encoding="UTF-8"?>
<testsuite xmlns:xsi="http://www.w3.org/2001/XMLSchema-instance" xsi:noNamespaceSchemaLocation="https://maven.apache.org/surefire/maven-surefire-plugin/xsd/surefire-test-report.xsd" name="Controller.RenovarDAOTest" time="0.695" tests="2" errors="0" skipped="0" failures="0">
  <properties>
[...]
</properties>
  <testcase name="renovacaoTest" classname="Controller.RenovarDAOTest" time="0.4"/>
  <testcase name="renovacao2Test" classname="Controller.RenovarDAOTest" time="0.295"/>
</testsuite>